<?xml version="1.0" encoding="UTF-8"?>
<testng-results skipped="0" failed="0" total="1" passed="1">
  <reporter-output>
  </reporter-output>
  <suite name="Timesheetsuite" duration-ms="73888" started-at="2019-09-17T10:53:45Z" finished-at="2019-09-17T10:54:58Z">
    <groups>
    </groups>
    <test name="Test" duration-ms="73888" started-at="2019-09-17T10:53:45Z" finished-at="2019-09-17T10:54:58Z">
      <class name="Timesheet">
        <test-method status="PASS" signature="beforthemethod()[pri:0, instance:Timesheet@685cb137]" name="beforthemethod" is-config="true" duration-ms="0" started-at="2019-09-17T16:23:45Z" finished-at="2019-09-17T16:23:45Z">
          <reporter-output>
          </reporter-output>
        </test-method> <!-- beforthemethod -->
        <test-method status="PASS" signature="firsttest()[pri:0, instance:Timesheet@685cb137]" name="firsttest" duration-ms="73861" started-at="2019-09-17T16:23:45Z" finished-at="2019-09-17T16:24:58Z">
          <reporter-output>
          </reporter-output>
        </test-method> <!-- firsttest -->
        <test-method status="PASS" signature="getDriver()[pri:0, instance:Timesheet@685cb137]" name="getDriver" is-config="true" duration-ms="0" started-at="2019-09-17T16:24:58Z" finished-at="2019-09-17T16:24:58Z">
          <reporter-output>
          </reporter-output>
        </test-method> <!-- getDriver -->
      </class> <!-- Timesheet -->
    </test> <!-- Test -->
  </suite> <!-- Timesheetsuite -->
</testng-results>
